<?xml version="1.0" encoding="UTF-8"?>
<!-- Generated by org.testng.reporters.JUnitXMLReporter -->
<testsuite ignored="0" hostname="MURALIMAHA" failures="1" tests="2" name="Test" time="6.229" errors="0" timestamp="2024-09-18T17:54:08 IST">
  <testcase classname="testng1.NewTest2" name="verifyPageTitle" time="0.039"/>
  <testcase classname="testng1.NewTest3" name="verifyPageTitle" time="0.028">
    <failure type="java.lang.AssertionError" message="expected [rangeHRM - New Level of HR Management] but found [OrangeHRM - New Level of HR Management]">
      <![CDATA[java.lang.AssertionError: expected [rangeHRM - New Level of HR Management] but found [OrangeHRM - New Level of HR Management]
at testng1.NewTest3.verifyPageTitle(NewTest3.java:17)
at java.base/java.util.ArrayList.forEach(ArrayList.java:1596)
... Removed 31 stack frames]]>
    </failure>
  </testcase> <!-- verifyPageTitle -->
</testsuite> <!-- Test -->
